<?xml version="1.0" encoding="UTF-8"?>
<!-- Generated by org.testng.reporters.JUnitXMLReporter -->
<testsuite ignored="0" hostname="LAPTOP-EK8R1102" failures="0" tests="3" name="Default test" time="7.497" errors="0" timestamp="2021-11-11T07:43:34 IST">
  <testcase classname="testcase.GoogleApi" name="getPostcall" time="2.408"/>
  <testcase classname="testcase.GoogleApi" name="putMethod" time="2.637"/>
  <testcase classname="testcase.GoogleApi" name="getPutMethod" time="2.366"/>
</testsuite> <!-- Default test -->
