<?xml version="1.0" encoding="UTF-8"?>
<testng-results ignored="0" total="3" passed="3" failed="0" skipped="0">
  <reporter-output>
  </reporter-output>
  <suite started-at="2021-11-11T07:43:27 IST" name="Default suite" finished-at="2021-11-11T07:43:34 IST" duration-ms="7497">
    <groups>
    </groups>
    <test started-at="2021-11-11T07:43:27 IST" name="Default test" finished-at="2021-11-11T07:43:34 IST" duration-ms="7497">
      <class name="testcase.GoogleApi">
        <test-method signature="getPostcall()[pri:0, instance:testcase.GoogleApi@615f972]" started-at="2021-11-11T07:43:27 IST" name="getPostcall" finished-at="2021-11-11T07:43:29 IST" duration-ms="2408" status="PASS">
          <reporter-output>
          </reporter-output>
        </test-method> <!-- getPostcall -->
        <test-method signature="putMethod()[pri:1, instance:testcase.GoogleApi@615f972]" started-at="2021-11-11T07:43:29 IST" name="putMethod" finished-at="2021-11-11T07:43:32 IST" duration-ms="2637" status="PASS">
          <reporter-output>
          </reporter-output>
        </test-method> <!-- putMethod -->
        <test-method signature="getPutMethod()[pri:2, instance:testcase.GoogleApi@615f972]" started-at="2021-11-11T07:43:32 IST" name="getPutMethod" finished-at="2021-11-11T07:43:34 IST" duration-ms="2366" status="PASS">
          <reporter-output>
          </reporter-output>
        </test-method> <!-- getPutMethod -->
      </class> <!-- testcase.GoogleApi -->
    </test> <!-- Default test -->
  </suite> <!-- Default suite -->
</testng-results>
